2022-10-22 18:24:01 Error: [Cake\Routing\Exception\MissingControllerException] Controller class CakePhp could not be found. (C:\wamp64\www\CakePHP\vendor\cakephp\cakephp\src\Http\ControllerFactory.php:105)
Exception Attributes: array (
  'class' => 'CakePhp',
  'plugin' => false,
  'prefix' => false,
  '_ext' => false,
)
#0 C:\wamp64\www\CakePHP\vendor\cakephp\cakephp\src\Http\ControllerFactory.php(39): Cake\Http\ControllerFactory->missingController(Object(Cake\Http\ServerRequest))
#1 C:\wamp64\www\CakePHP\vendor\cakephp\cakephp\src\Http\ActionDispatcher.php(91): Cake\Http\ControllerFactory->create(Object(Cake\Http\ServerRequest), Object(Cake\Http\Response))
#2 C:\wamp64\www\CakePHP\vendor\cakephp\cakephp\src\Http\BaseApplication.php(256): Cake\Http\ActionDispatcher->dispatch(Object(Cake\Http\ServerRequest), Object(Cake\Http\Response))
#3 C:\wamp64\www\CakePHP\vendor\cakephp\cakephp\src\Http\Runner.php(65): Cake\Http\BaseApplication->__invoke(Object(Cake\Http\ServerRequest), Object(Cake\Http\Response), Object(Cake\Http\Runner))
#4 C:\wamp64\www\CakePHP\vendor\cakephp\cakephp\src\Http\Runner.php(65): Cake\Http\Runner->__invoke(Object(Cake\Http\ServerRequest), Object(Cake\Http\Response), Object(Cake\Http\Runner))
#5 C:\wamp64\www\CakePHP\vendor\cakephp\cakephp\src\Http\Middleware\CsrfProtectionMiddleware.php(133): Cake\Http\Runner->__invoke(Object(Cake\Http\ServerRequest), Object(Cake\Http\Response))
#6 C:\wamp64\www\CakePHP\vendor\cakephp\cakephp\src\Http\Runner.php(65): Cake\Http\Middleware\CsrfProtectionMiddleware->__invoke(Object(Cake\Http\ServerRequest), Object(Cake\Http\Response), Object(Cake\Http\Runner))
#7 C:\wamp64\www\CakePHP\vendor\cakephp\cakephp\src\Http\Runner.php(51): Cake\Http\Runner->__invoke(Object(Cake\Http\ServerRequest), Object(Cake\Http\Response))
#8 C:\wamp64\www\CakePHP\vendor\cakephp\cakephp\src\Routing\Middleware\RoutingMiddleware.php(170): Cake\Http\Runner->run(Object(Cake\Http\MiddlewareQueue), Object(Cake\Http\ServerRequest), Object(Cake\Http\Response))
#9 C:\wamp64\www\CakePHP\vendor\cakephp\cakephp\src\Http\Runner.php(65): Cake\Routing\Middleware\RoutingMiddleware->__invoke(Object(Cake\Http\ServerRequest), Object(Cake\Http\Response), Object(Cake\Http\Runner))
#10 C:\wamp64\www\CakePHP\vendor\cakephp\cakephp\src\Routing\Middleware\AssetMiddleware.php(88): Cake\Http\Runner->__invoke(Object(Cake\Http\ServerRequest), Object(Cake\Http\Response))
#11 C:\wamp64\www\CakePHP\vendor\cakephp\cakephp\src\Http\Runner.php(65): Cake\Routing\Middleware\AssetMiddleware->__invoke(Object(Cake\Http\ServerRequest), Object(Cake\Http\Response), Object(Cake\Http\Runner))
#12 C:\wamp64\www\CakePHP\vendor\cakephp\cakephp\src\Error\Middleware\ErrorHandlerMiddleware.php(100): Cake\Http\Runner->__invoke(Object(Cake\Http\ServerRequest), Object(Cake\Http\Response))
#13 C:\wamp64\www\CakePHP\vendor\cakephp\cakephp\src\Http\Runner.php(65): Cake\Error\Middleware\ErrorHandlerMiddleware->__invoke(Object(Cake\Http\ServerRequest), Object(Cake\Http\Response), Object(Cake\Http\Runner))
#14 C:\wamp64\www\CakePHP\vendor\cakephp\debug_kit\src\Middleware\DebugKitMiddleware.php(53): Cake\Http\Runner->__invoke(Object(Cake\Http\ServerRequest), Object(Cake\Http\Response))
#15 C:\wamp64\www\CakePHP\vendor\cakephp\cakephp\src\Http\Runner.php(65): DebugKit\Middleware\DebugKitMiddleware->__invoke(Object(Cake\Http\ServerRequest), Object(Cake\Http\Response), Object(Cake\Http\Runner))
#16 C:\wamp64\www\CakePHP\vendor\cakephp\cakephp\src\Http\Runner.php(51): Cake\Http\Runner->__invoke(Object(Cake\Http\ServerRequest), Object(Cake\Http\Response))
#17 C:\wamp64\www\CakePHP\vendor\cakephp\cakephp\src\Http\Server.php(97): Cake\Http\Runner->run(Object(Cake\Http\MiddlewareQueue), Object(Cake\Http\ServerRequest), Object(Cake\Http\Response))
#18 C:\wamp64\www\CakePHP\webroot\index.php(40): Cake\Http\Server->run()
#19 {main}
Request URL: /CakePhp/


2022-10-22 19:33:31 Error: [Error] Class 'App\Model\Entity\DefaultPasswordHasher' not found (C:\wamp64\www\CakePHP\src\Model\Entity\Cliente.php:48)
#0 C:\wamp64\www\CakePHP\vendor\cakephp\cakephp\src\Datasource\EntityTrait.php(264): App\Model\Entity\Cliente->_setPassword('123456')
#1 C:\wamp64\www\CakePHP\vendor\cakephp\cakephp\src\ORM\Marshaller.php(617): Cake\ORM\Entity->set(Array)
#2 C:\wamp64\www\CakePHP\vendor\cakephp\cakephp\src\ORM\Table.php(2883): Cake\ORM\Marshaller->merge(Object(App\Model\Entity\Cliente), Array, Array)
#3 C:\wamp64\www\CakePHP\src\Controller\ClienteController.php(52): Cake\ORM\Table->patchEntity(Object(App\Model\Entity\Cliente), Array)
#4 C:\wamp64\www\CakePHP\vendor\cakephp\cakephp\src\Controller\Controller.php(606): App\Controller\ClienteController->add()
#5 C:\wamp64\www\CakePHP\vendor\cakephp\cakephp\src\Http\ActionDispatcher.php(120): Cake\Controller\Controller->invokeAction()
#6 C:\wamp64\www\CakePHP\vendor\cakephp\cakephp\src\Http\ActionDispatcher.php(94): Cake\Http\ActionDispatcher->_invoke(Object(App\Controller\ClienteController))
#7 C:\wamp64\www\CakePHP\vendor\cakephp\cakephp\src\Http\BaseApplication.php(256): Cake\Http\ActionDispatcher->dispatch(Object(Cake\Http\ServerRequest), Object(Cake\Http\Response))
#8 C:\wamp64\www\CakePHP\vendor\cakephp\cakephp\src\Http\Runner.php(65): Cake\Http\BaseApplication->__invoke(Object(Cake\Http\ServerRequest), Object(Cake\Http\Response), Object(Cake\Http\Runner))
#9 C:\wamp64\www\CakePHP\vendor\cakephp\cakephp\src\Http\Runner.php(65): Cake\Http\Runner->__invoke(Object(Cake\Http\ServerRequest), Object(Cake\Http\Response), Object(Cake\Http\Runner))
#10 C:\wamp64\www\CakePHP\vendor\cakephp\cakephp\src\Http\Middleware\CsrfProtectionMiddleware.php(137): Cake\Http\Runner->__invoke(Object(Cake\Http\ServerRequest), Object(Cake\Http\Response))
#11 C:\wamp64\www\CakePHP\vendor\cakephp\cakephp\src\Http\Runner.php(65): Cake\Http\Middleware\CsrfProtectionMiddleware->__invoke(Object(Cake\Http\ServerRequest), Object(Cake\Http\Response), Object(Cake\Http\Runner))
#12 C:\wamp64\www\CakePHP\vendor\cakephp\cakephp\src\Http\Runner.php(51): Cake\Http\Runner->__invoke(Object(Cake\Http\ServerRequest), Object(Cake\Http\Response))
#13 C:\wamp64\www\CakePHP\vendor\cakephp\cakephp\src\Routing\Middleware\RoutingMiddleware.php(170): Cake\Http\Runner->run(Object(Cake\Http\MiddlewareQueue), Object(Cake\Http\ServerRequest), Object(Cake\Http\Response))
#14 C:\wamp64\www\CakePHP\vendor\cakephp\cakephp\src\Http\Runner.php(65): Cake\Routing\Middleware\RoutingMiddleware->__invoke(Object(Cake\Http\ServerRequest), Object(Cake\Http\Response), Object(Cake\Http\Runner))
#15 C:\wamp64\www\CakePHP\vendor\cakephp\cakephp\src\Routing\Middleware\AssetMiddleware.php(88): Cake\Http\Runner->__invoke(Object(Cake\Http\ServerRequest), Object(Cake\Http\Response))
#16 C:\wamp64\www\CakePHP\vendor\cakephp\cakephp\src\Http\Runner.php(65): Cake\Routing\Middleware\AssetMiddleware->__invoke(Object(Cake\Http\ServerRequest), Object(Cake\Http\Response), Object(Cake\Http\Runner))
#17 C:\wamp64\www\CakePHP\vendor\cakephp\cakephp\src\Error\Middleware\ErrorHandlerMiddleware.php(100): Cake\Http\Runner->__invoke(Object(Cake\Http\ServerRequest), Object(Cake\Http\Response))
#18 C:\wamp64\www\CakePHP\vendor\cakephp\cakephp\src\Http\Runner.php(65): Cake\Error\Middleware\ErrorHandlerMiddleware->__invoke(Object(Cake\Http\ServerRequest), Object(Cake\Http\Response), Object(Cake\Http\Runner))
#19 C:\wamp64\www\CakePHP\vendor\cakephp\debug_kit\src\Middleware\DebugKitMiddleware.php(53): Cake\Http\Runner->__invoke(Object(Cake\Http\ServerRequest), Object(Cake\Http\Response))
#20 C:\wamp64\www\CakePHP\vendor\cakephp\cakephp\src\Http\Runner.php(65): DebugKit\Middleware\DebugKitMiddleware->__invoke(Object(Cake\Http\ServerRequest), Object(Cake\Http\Response), Object(Cake\Http\Runner))
#21 C:\wamp64\www\CakePHP\vendor\cakephp\cakephp\src\Http\Runner.php(51): Cake\Http\Runner->__invoke(Object(Cake\Http\ServerRequest), Object(Cake\Http\Response))
#22 C:\wamp64\www\CakePHP\vendor\cakephp\cakephp\src\Http\Server.php(97): Cake\Http\Runner->run(Object(Cake\Http\MiddlewareQueue), Object(Cake\Http\ServerRequest), Object(Cake\Http\Response))
#23 C:\wamp64\www\CakePHP\webroot\index.php(40): Cake\Http\Server->run()
#24 {main}
Request URL: /cliente/add
Referer URL: http://localhost/CakePHP/cliente/add


2022-10-22 19:33:42 Error: [Error] Class 'App\Model\Entity\DefaultPasswordHasher' not found (C:\wamp64\www\CakePHP\src\Model\Entity\Cliente.php:48)
#0 C:\wamp64\www\CakePHP\vendor\cakephp\cakephp\src\Datasource\EntityTrait.php(264): App\Model\Entity\Cliente->_setPassword('123456')
#1 C:\wamp64\www\CakePHP\vendor\cakephp\cakephp\src\ORM\Marshaller.php(617): Cake\ORM\Entity->set(Array)
#2 C:\wamp64\www\CakePHP\vendor\cakephp\cakephp\src\ORM\Table.php(2883): Cake\ORM\Marshaller->merge(Object(App\Model\Entity\Cliente), Array, Array)
#3 C:\wamp64\www\CakePHP\src\Controller\ClienteController.php(52): Cake\ORM\Table->patchEntity(Object(App\Model\Entity\Cliente), Array)
#4 C:\wamp64\www\CakePHP\vendor\cakephp\cakephp\src\Controller\Controller.php(606): App\Controller\ClienteController->add()
#5 C:\wamp64\www\CakePHP\vendor\cakephp\cakephp\src\Http\ActionDispatcher.php(120): Cake\Controller\Controller->invokeAction()
#6 C:\wamp64\www\CakePHP\vendor\cakephp\cakephp\src\Http\ActionDispatcher.php(94): Cake\Http\ActionDispatcher->_invoke(Object(App\Controller\ClienteController))
#7 C:\wamp64\www\CakePHP\vendor\cakephp\cakephp\src\Http\BaseApplication.php(256): Cake\Http\ActionDispatcher->dispatch(Object(Cake\Http\ServerRequest), Object(Cake\Http\Response))
#8 C:\wamp64\www\CakePHP\vendor\cakephp\cakephp\src\Http\Runner.php(65): Cake\Http\BaseApplication->__invoke(Object(Cake\Http\ServerRequest), Object(Cake\Http\Response), Object(Cake\Http\Runner))
#9 C:\wamp64\www\CakePHP\vendor\cakephp\cakephp\src\Http\Runner.php(65): Cake\Http\Runner->__invoke(Object(Cake\Http\ServerRequest), Object(Cake\Http\Response), Object(Cake\Http\Runner))
#10 C:\wamp64\www\CakePHP\vendor\cakephp\cakephp\src\Http\Middleware\CsrfProtectionMiddleware.php(137): Cake\Http\Runner->__invoke(Object(Cake\Http\ServerRequest), Object(Cake\Http\Response))
#11 C:\wamp64\www\CakePHP\vendor\cakephp\cakephp\src\Http\Runner.php(65): Cake\Http\Middleware\CsrfProtectionMiddleware->__invoke(Object(Cake\Http\ServerRequest), Object(Cake\Http\Response), Object(Cake\Http\Runner))
#12 C:\wamp64\www\CakePHP\vendor\cakephp\cakephp\src\Http\Runner.php(51): Cake\Http\Runner->__invoke(Object(Cake\Http\ServerRequest), Object(Cake\Http\Response))
#13 C:\wamp64\www\CakePHP\vendor\cakephp\cakephp\src\Routing\Middleware\RoutingMiddleware.php(170): Cake\Http\Runner->run(Object(Cake\Http\MiddlewareQueue), Object(Cake\Http\ServerRequest), Object(Cake\Http\Response))
#14 C:\wamp64\www\CakePHP\vendor\cakephp\cakephp\src\Http\Runner.php(65): Cake\Routing\Middleware\RoutingMiddleware->__invoke(Object(Cake\Http\ServerRequest), Object(Cake\Http\Response), Object(Cake\Http\Runner))
#15 C:\wamp64\www\CakePHP\vendor\cakephp\cakephp\src\Routing\Middleware\AssetMiddleware.php(88): Cake\Http\Runner->__invoke(Object(Cake\Http\ServerRequest), Object(Cake\Http\Response))
#16 C:\wamp64\www\CakePHP\vendor\cakephp\cakephp\src\Http\Runner.php(65): Cake\Routing\Middleware\AssetMiddleware->__invoke(Object(Cake\Http\ServerRequest), Object(Cake\Http\Response), Object(Cake\Http\Runner))
#17 C:\wamp64\www\CakePHP\vendor\cakephp\cakephp\src\Error\Middleware\ErrorHandlerMiddleware.php(100): Cake\Http\Runner->__invoke(Object(Cake\Http\ServerRequest), Object(Cake\Http\Response))
#18 C:\wamp64\www\CakePHP\vendor\cakephp\cakephp\src\Http\Runner.php(65): Cake\Error\Middleware\ErrorHandlerMiddleware->__invoke(Object(Cake\Http\ServerRequest), Object(Cake\Http\Response), Object(Cake\Http\Runner))
#19 C:\wamp64\www\CakePHP\vendor\cakephp\debug_kit\src\Middleware\DebugKitMiddleware.php(53): Cake\Http\Runner->__invoke(Object(Cake\Http\ServerRequest), Object(Cake\Http\Response))
#20 C:\wamp64\www\CakePHP\vendor\cakephp\cakephp\src\Http\Runner.php(65): DebugKit\Middleware\DebugKitMiddleware->__invoke(Object(Cake\Http\ServerRequest), Object(Cake\Http\Response), Object(Cake\Http\Runner))
#21 C:\wamp64\www\CakePHP\vendor\cakephp\cakephp\src\Http\Runner.php(51): Cake\Http\Runner->__invoke(Object(Cake\Http\ServerRequest), Object(Cake\Http\Response))
#22 C:\wamp64\www\CakePHP\vendor\cakephp\cakephp\src\Http\Server.php(97): Cake\Http\Runner->run(Object(Cake\Http\MiddlewareQueue), Object(Cake\Http\ServerRequest), Object(Cake\Http\Response))
#23 C:\wamp64\www\CakePHP\webroot\index.php(40): Cake\Http\Server->run()
#24 {main}
Request URL: /cliente/add
Referer URL: http://localhost/CakePHP/cliente/add


2022-10-22 19:34:19 Error: [Error] Class 'App\Model\Entity\DefaultPasswordHasher' not found (C:\wamp64\www\CakePHP\src\Model\Entity\Cliente.php:47)
#0 C:\wamp64\www\CakePHP\vendor\cakephp\cakephp\src\Datasource\EntityTrait.php(264): App\Model\Entity\Cliente->_setPassword('123456')
#1 C:\wamp64\www\CakePHP\vendor\cakephp\cakephp\src\ORM\Marshaller.php(617): Cake\ORM\Entity->set(Array)
#2 C:\wamp64\www\CakePHP\vendor\cakephp\cakephp\src\ORM\Table.php(2883): Cake\ORM\Marshaller->merge(Object(App\Model\Entity\Cliente), Array, Array)
#3 C:\wamp64\www\CakePHP\src\Controller\ClienteController.php(52): Cake\ORM\Table->patchEntity(Object(App\Model\Entity\Cliente), Array)
#4 C:\wamp64\www\CakePHP\vendor\cakephp\cakephp\src\Controller\Controller.php(606): App\Controller\ClienteController->add()
#5 C:\wamp64\www\CakePHP\vendor\cakephp\cakephp\src\Http\ActionDispatcher.php(120): Cake\Controller\Controller->invokeAction()
#6 C:\wamp64\www\CakePHP\vendor\cakephp\cakephp\src\Http\ActionDispatcher.php(94): Cake\Http\ActionDispatcher->_invoke(Object(App\Controller\ClienteController))
#7 C:\wamp64\www\CakePHP\vendor\cakephp\cakephp\src\Http\BaseApplication.php(256): Cake\Http\ActionDispatcher->dispatch(Object(Cake\Http\ServerRequest), Object(Cake\Http\Response))
#8 C:\wamp64\www\CakePHP\vendor\cakephp\cakephp\src\Http\Runner.php(65): Cake\Http\BaseApplication->__invoke(Object(Cake\Http\ServerRequest), Object(Cake\Http\Response), Object(Cake\Http\Runner))
#9 C:\wamp64\www\CakePHP\vendor\cakephp\cakephp\src\Http\Runner.php(65): Cake\Http\Runner->__invoke(Object(Cake\Http\ServerRequest), Object(Cake\Http\Response), Object(Cake\Http\Runner))
#10 C:\wamp64\www\CakePHP\vendor\cakephp\cakephp\src\Http\Middleware\CsrfProtectionMiddleware.php(137): Cake\Http\Runner->__invoke(Object(Cake\Http\ServerRequest), Object(Cake\Http\Response))
#11 C:\wamp64\www\CakePHP\vendor\cakephp\cakephp\src\Http\Runner.php(65): Cake\Http\Middleware\CsrfProtectionMiddleware->__invoke(Object(Cake\Http\ServerRequest), Object(Cake\Http\Response), Object(Cake\Http\Runner))
#12 C:\wamp64\www\CakePHP\vendor\cakephp\cakephp\src\Http\Runner.php(51): Cake\Http\Runner->__invoke(Object(Cake\Http\ServerRequest), Object(Cake\Http\Response))
#13 C:\wamp64\www\CakePHP\vendor\cakephp\cakephp\src\Routing\Middleware\RoutingMiddleware.php(170): Cake\Http\Runner->run(Object(Cake\Http\MiddlewareQueue), Object(Cake\Http\ServerRequest), Object(Cake\Http\Response))
#14 C:\wamp64\www\CakePHP\vendor\cakephp\cakephp\src\Http\Runner.php(65): Cake\Routing\Middleware\RoutingMiddleware->__invoke(Object(Cake\Http\ServerRequest), Object(Cake\Http\Response), Object(Cake\Http\Runner))
#15 C:\wamp64\www\CakePHP\vendor\cakephp\cakephp\src\Routing\Middleware\AssetMiddleware.php(88): Cake\Http\Runner->__invoke(Object(Cake\Http\ServerRequest), Object(Cake\Http\Response))
#16 C:\wamp64\www\CakePHP\vendor\cakephp\cakephp\src\Http\Runner.php(65): Cake\Routing\Middleware\AssetMiddleware->__invoke(Object(Cake\Http\ServerRequest), Object(Cake\Http\Response), Object(Cake\Http\Runner))
#17 C:\wamp64\www\CakePHP\vendor\cakephp\cakephp\src\Error\Middleware\ErrorHandlerMiddleware.php(100): Cake\Http\Runner->__invoke(Object(Cake\Http\ServerRequest), Object(Cake\Http\Response))
#18 C:\wamp64\www\CakePHP\vendor\cakephp\cakephp\src\Http\Runner.php(65): Cake\Error\Middleware\ErrorHandlerMiddleware->__invoke(Object(Cake\Http\ServerRequest), Object(Cake\Http\Response), Object(Cake\Http\Runner))
#19 C:\wamp64\www\CakePHP\vendor\cakephp\debug_kit\src\Middleware\DebugKitMiddleware.php(53): Cake\Http\Runner->__invoke(Object(Cake\Http\ServerRequest), Object(Cake\Http\Response))
#20 C:\wamp64\www\CakePHP\vendor\cakephp\cakephp\src\Http\Runner.php(65): DebugKit\Middleware\DebugKitMiddleware->__invoke(Object(Cake\Http\ServerRequest), Object(Cake\Http\Response), Object(Cake\Http\Runner))
#21 C:\wamp64\www\CakePHP\vendor\cakephp\cakephp\src\Http\Runner.php(51): Cake\Http\Runner->__invoke(Object(Cake\Http\ServerRequest), Object(Cake\Http\Response))
#22 C:\wamp64\www\CakePHP\vendor\cakephp\cakephp\src\Http\Server.php(97): Cake\Http\Runner->run(Object(Cake\Http\MiddlewareQueue), Object(Cake\Http\ServerRequest), Object(Cake\Http\Response))
#23 C:\wamp64\www\CakePHP\webroot\index.php(40): Cake\Http\Server->run()
#24 {main}
Request URL: /cliente/add
Referer URL: http://localhost/CakePHP/cliente/add


2022-10-22 19:35:01 Error: [Error] Class 'App\Model\Entity\DefaultPasswordHasher' not found (C:\wamp64\www\CakePHP\src\Model\Entity\Cliente.php:47)
#0 C:\wamp64\www\CakePHP\vendor\cakephp\cakephp\src\Datasource\EntityTrait.php(264): App\Model\Entity\Cliente->_setPassword('123456')
#1 C:\wamp64\www\CakePHP\vendor\cakephp\cakephp\src\ORM\Marshaller.php(617): Cake\ORM\Entity->set(Array)
#2 C:\wamp64\www\CakePHP\vendor\cakephp\cakephp\src\ORM\Table.php(2883): Cake\ORM\Marshaller->merge(Object(App\Model\Entity\Cliente), Array, Array)
#3 C:\wamp64\www\CakePHP\src\Controller\ClienteController.php(52): Cake\ORM\Table->patchEntity(Object(App\Model\Entity\Cliente), Array)
#4 C:\wamp64\www\CakePHP\vendor\cakephp\cakephp\src\Controller\Controller.php(606): App\Controller\ClienteController->add()
#5 C:\wamp64\www\CakePHP\vendor\cakephp\cakephp\src\Http\ActionDispatcher.php(120): Cake\Controller\Controller->invokeAction()
#6 C:\wamp64\www\CakePHP\vendor\cakephp\cakephp\src\Http\ActionDispatcher.php(94): Cake\Http\ActionDispatcher->_invoke(Object(App\Controller\ClienteController))
#7 C:\wamp64\www\CakePHP\vendor\cakephp\cakephp\src\Http\BaseApplication.php(256): Cake\Http\ActionDispatcher->dispatch(Object(Cake\Http\ServerRequest), Object(Cake\Http\Response))
#8 C:\wamp64\www\CakePHP\vendor\cakephp\cakephp\src\Http\Runner.php(65): Cake\Http\BaseApplication->__invoke(Object(Cake\Http\ServerRequest), Object(Cake\Http\Response), Object(Cake\Http\Runner))
#9 C:\wamp64\www\CakePHP\vendor\cakephp\cakephp\src\Http\Runner.php(65): Cake\Http\Runner->__invoke(Object(Cake\Http\ServerRequest), Object(Cake\Http\Response), Object(Cake\Http\Runner))
#10 C:\wamp64\www\CakePHP\vendor\cakephp\cakephp\src\Http\Middleware\CsrfProtectionMiddleware.php(137): Cake\Http\Runner->__invoke(Object(Cake\Http\ServerRequest), Object(Cake\Http\Response))
#11 C:\wamp64\www\CakePHP\vendor\cakephp\cakephp\src\Http\Runner.php(65): Cake\Http\Middleware\CsrfProtectionMiddleware->__invoke(Object(Cake\Http\ServerRequest), Object(Cake\Http\Response), Object(Cake\Http\Runner))
#12 C:\wamp64\www\CakePHP\vendor\cakephp\cakephp\src\Http\Runner.php(51): Cake\Http\Runner->__invoke(Object(Cake\Http\ServerRequest), Object(Cake\Http\Response))
#13 C:\wamp64\www\CakePHP\vendor\cakephp\cakephp\src\Routing\Middleware\RoutingMiddleware.php(170): Cake\Http\Runner->run(Object(Cake\Http\MiddlewareQueue), Object(Cake\Http\ServerRequest), Object(Cake\Http\Response))
#14 C:\wamp64\www\CakePHP\vendor\cakephp\cakephp\src\Http\Runner.php(65): Cake\Routing\Middleware\RoutingMiddleware->__invoke(Object(Cake\Http\ServerRequest), Object(Cake\Http\Response), Object(Cake\Http\Runner))
#15 C:\wamp64\www\CakePHP\vendor\cakephp\cakephp\src\Routing\Middleware\AssetMiddleware.php(88): Cake\Http\Runner->__invoke(Object(Cake\Http\ServerRequest), Object(Cake\Http\Response))
#16 C:\wamp64\www\CakePHP\vendor\cakephp\cakephp\src\Http\Runner.php(65): Cake\Routing\Middleware\AssetMiddleware->__invoke(Object(Cake\Http\ServerRequest), Object(Cake\Http\Response), Object(Cake\Http\Runner))
#17 C:\wamp64\www\CakePHP\vendor\cakephp\cakephp\src\Error\Middleware\ErrorHandlerMiddleware.php(100): Cake\Http\Runner->__invoke(Object(Cake\Http\ServerRequest), Object(Cake\Http\Response))
#18 C:\wamp64\www\CakePHP\vendor\cakephp\cakephp\src\Http\Runner.php(65): Cake\Error\Middleware\ErrorHandlerMiddleware->__invoke(Object(Cake\Http\ServerRequest), Object(Cake\Http\Response), Object(Cake\Http\Runner))
#19 C:\wamp64\www\CakePHP\vendor\cakephp\debug_kit\src\Middleware\DebugKitMiddleware.php(53): Cake\Http\Runner->__invoke(Object(Cake\Http\ServerRequest), Object(Cake\Http\Response))
#20 C:\wamp64\www\CakePHP\vendor\cakephp\cakephp\src\Http\Runner.php(65): DebugKit\Middleware\DebugKitMiddleware->__invoke(Object(Cake\Http\ServerRequest), Object(Cake\Http\Response), Object(Cake\Http\Runner))
#21 C:\wamp64\www\CakePHP\vendor\cakephp\cakephp\src\Http\Runner.php(51): Cake\Http\Runner->__invoke(Object(Cake\Http\ServerRequest), Object(Cake\Http\Response))
#22 C:\wamp64\www\CakePHP\vendor\cakephp\cakephp\src\Http\Server.php(97): Cake\Http\Runner->run(Object(Cake\Http\MiddlewareQueue), Object(Cake\Http\ServerRequest), Object(Cake\Http\Response))
#23 C:\wamp64\www\CakePHP\webroot\index.php(40): Cake\Http\Server->run()
#24 {main}
Request URL: /cliente/add
Referer URL: http://localhost/CakePHP/cliente/add


2022-10-22 19:35:39 Error: [Error] Class 'App\Model\Entity\DefaultPasswordHasher' not found (C:\wamp64\www\CakePHP\src\Model\Entity\Cliente.php:47)
#0 C:\wamp64\www\CakePHP\vendor\cakephp\cakephp\src\Datasource\EntityTrait.php(264): App\Model\Entity\Cliente->_setPassword('123456')
#1 C:\wamp64\www\CakePHP\vendor\cakephp\cakephp\src\ORM\Marshaller.php(617): Cake\ORM\Entity->set(Array)
#2 C:\wamp64\www\CakePHP\vendor\cakephp\cakephp\src\ORM\Table.php(2883): Cake\ORM\Marshaller->merge(Object(App\Model\Entity\Cliente), Array, Array)
#3 C:\wamp64\www\CakePHP\src\Controller\ClienteController.php(52): Cake\ORM\Table->patchEntity(Object(App\Model\Entity\Cliente), Array)
#4 C:\wamp64\www\CakePHP\vendor\cakephp\cakephp\src\Controller\Controller.php(606): App\Controller\ClienteController->add()
#5 C:\wamp64\www\CakePHP\vendor\cakephp\cakephp\src\Http\ActionDispatcher.php(120): Cake\Controller\Controller->invokeAction()
#6 C:\wamp64\www\CakePHP\vendor\cakephp\cakephp\src\Http\ActionDispatcher.php(94): Cake\Http\ActionDispatcher->_invoke(Object(App\Controller\ClienteController))
#7 C:\wamp64\www\CakePHP\vendor\cakephp\cakephp\src\Http\BaseApplication.php(256): Cake\Http\ActionDispatcher->dispatch(Object(Cake\Http\ServerRequest), Object(Cake\Http\Response))
#8 C:\wamp64\www\CakePHP\vendor\cakephp\cakephp\src\Http\Runner.php(65): Cake\Http\BaseApplication->__invoke(Object(Cake\Http\ServerRequest), Object(Cake\Http\Response), Object(Cake\Http\Runner))
#9 C:\wamp64\www\CakePHP\vendor\cakephp\cakephp\src\Http\Runner.php(65): Cake\Http\Runner->__invoke(Object(Cake\Http\ServerRequest), Object(Cake\Http\Response), Object(Cake\Http\Runner))
#10 C:\wamp64\www\CakePHP\vendor\cakephp\cakephp\src\Http\Middleware\CsrfProtectionMiddleware.php(137): Cake\Http\Runner->__invoke(Object(Cake\Http\ServerRequest), Object(Cake\Http\Response))
#11 C:\wamp64\www\CakePHP\vendor\cakephp\cakephp\src\Http\Runner.php(65): Cake\Http\Middleware\CsrfProtectionMiddleware->__invoke(Object(Cake\Http\ServerRequest), Object(Cake\Http\Response), Object(Cake\Http\Runner))
#12 C:\wamp64\www\CakePHP\vendor\cakephp\cakephp\src\Http\Runner.php(51): Cake\Http\Runner->__invoke(Object(Cake\Http\ServerRequest), Object(Cake\Http\Response))
#13 C:\wamp64\www\CakePHP\vendor\cakephp\cakephp\src\Routing\Middleware\RoutingMiddleware.php(170): Cake\Http\Runner->run(Object(Cake\Http\MiddlewareQueue), Object(Cake\Http\ServerRequest), Object(Cake\Http\Response))
#14 C:\wamp64\www\CakePHP\vendor\cakephp\cakephp\src\Http\Runner.php(65): Cake\Routing\Middleware\RoutingMiddleware->__invoke(Object(Cake\Http\ServerRequest), Object(Cake\Http\Response), Object(Cake\Http\Runner))
#15 C:\wamp64\www\CakePHP\vendor\cakephp\cakephp\src\Routing\Middleware\AssetMiddleware.php(88): Cake\Http\Runner->__invoke(Object(Cake\Http\ServerRequest), Object(Cake\Http\Response))
#16 C:\wamp64\www\CakePHP\vendor\cakephp\cakephp\src\Http\Runner.php(65): Cake\Routing\Middleware\AssetMiddleware->__invoke(Object(Cake\Http\ServerRequest), Object(Cake\Http\Response), Object(Cake\Http\Runner))
#17 C:\wamp64\www\CakePHP\vendor\cakephp\cakephp\src\Error\Middleware\ErrorHandlerMiddleware.php(100): Cake\Http\Runner->__invoke(Object(Cake\Http\ServerRequest), Object(Cake\Http\Response))
#18 C:\wamp64\www\CakePHP\vendor\cakephp\cakephp\src\Http\Runner.php(65): Cake\Error\Middleware\ErrorHandlerMiddleware->__invoke(Object(Cake\Http\ServerRequest), Object(Cake\Http\Response), Object(Cake\Http\Runner))
#19 C:\wamp64\www\CakePHP\vendor\cakephp\debug_kit\src\Middleware\DebugKitMiddleware.php(53): Cake\Http\Runner->__invoke(Object(Cake\Http\ServerRequest), Object(Cake\Http\Response))
#20 C:\wamp64\www\CakePHP\vendor\cakephp\cakephp\src\Http\Runner.php(65): DebugKit\Middleware\DebugKitMiddleware->__invoke(Object(Cake\Http\ServerRequest), Object(Cake\Http\Response), Object(Cake\Http\Runner))
#21 C:\wamp64\www\CakePHP\vendor\cakephp\cakephp\src\Http\Runner.php(51): Cake\Http\Runner->__invoke(Object(Cake\Http\ServerRequest), Object(Cake\Http\Response))
#22 C:\wamp64\www\CakePHP\vendor\cakephp\cakephp\src\Http\Server.php(97): Cake\Http\Runner->run(Object(Cake\Http\MiddlewareQueue), Object(Cake\Http\ServerRequest), Object(Cake\Http\Response))
#23 C:\wamp64\www\CakePHP\webroot\index.php(40): Cake\Http\Server->run()
#24 {main}
Request URL: /cliente/add
Referer URL: http://localhost/CakePHP/cliente/add


2022-10-22 19:35:52 Error: [Error] Class 'App\Model\Entity\DefaultPasswordHasher' not found (C:\wamp64\www\CakePHP\src\Model\Entity\Cliente.php:47)
#0 C:\wamp64\www\CakePHP\vendor\cakephp\cakephp\src\Datasource\EntityTrait.php(264): App\Model\Entity\Cliente->_setPassword('123456')
#1 C:\wamp64\www\CakePHP\vendor\cakephp\cakephp\src\ORM\Marshaller.php(617): Cake\ORM\Entity->set(Array)
#2 C:\wamp64\www\CakePHP\vendor\cakephp\cakephp\src\ORM\Table.php(2883): Cake\ORM\Marshaller->merge(Object(App\Model\Entity\Cliente), Array, Array)
#3 C:\wamp64\www\CakePHP\src\Controller\ClienteController.php(52): Cake\ORM\Table->patchEntity(Object(App\Model\Entity\Cliente), Array)
#4 C:\wamp64\www\CakePHP\vendor\cakephp\cakephp\src\Controller\Controller.php(606): App\Controller\ClienteController->add()
#5 C:\wamp64\www\CakePHP\vendor\cakephp\cakephp\src\Http\ActionDispatcher.php(120): Cake\Controller\Controller->invokeAction()
#6 C:\wamp64\www\CakePHP\vendor\cakephp\cakephp\src\Http\ActionDispatcher.php(94): Cake\Http\ActionDispatcher->_invoke(Object(App\Controller\ClienteController))
#7 C:\wamp64\www\CakePHP\vendor\cakephp\cakephp\src\Http\BaseApplication.php(256): Cake\Http\ActionDispatcher->dispatch(Object(Cake\Http\ServerRequest), Object(Cake\Http\Response))
#8 C:\wamp64\www\CakePHP\vendor\cakephp\cakephp\src\Http\Runner.php(65): Cake\Http\BaseApplication->__invoke(Object(Cake\Http\ServerRequest), Object(Cake\Http\Response), Object(Cake\Http\Runner))
#9 C:\wamp64\www\CakePHP\vendor\cakephp\cakephp\src\Http\Runner.php(65): Cake\Http\Runner->__invoke(Object(Cake\Http\ServerRequest), Object(Cake\Http\Response), Object(Cake\Http\Runner))
#10 C:\wamp64\www\CakePHP\vendor\cakephp\cakephp\src\Http\Middleware\CsrfProtectionMiddleware.php(137): Cake\Http\Runner->__invoke(Object(Cake\Http\ServerRequest), Object(Cake\Http\Response))
#11 C:\wamp64\www\CakePHP\vendor\cakephp\cakephp\src\Http\Runner.php(65): Cake\Http\Middleware\CsrfProtectionMiddleware->__invoke(Object(Cake\Http\ServerRequest), Object(Cake\Http\Response), Object(Cake\Http\Runner))
#12 C:\wamp64\www\CakePHP\vendor\cakephp\cakephp\src\Http\Runner.php(51): Cake\Http\Runner->__invoke(Object(Cake\Http\ServerRequest), Object(Cake\Http\Response))
#13 C:\wamp64\www\CakePHP\vendor\cakephp\cakephp\src\Routing\Middleware\RoutingMiddleware.php(170): Cake\Http\Runner->run(Object(Cake\Http\MiddlewareQueue), Object(Cake\Http\ServerRequest), Object(Cake\Http\Response))
#14 C:\wamp64\www\CakePHP\vendor\cakephp\cakephp\src\Http\Runner.php(65): Cake\Routing\Middleware\RoutingMiddleware->__invoke(Object(Cake\Http\ServerRequest), Object(Cake\Http\Response), Object(Cake\Http\Runner))
#15 C:\wamp64\www\CakePHP\vendor\cakephp\cakephp\src\Routing\Middleware\AssetMiddleware.php(88): Cake\Http\Runner->__invoke(Object(Cake\Http\ServerRequest), Object(Cake\Http\Response))
#16 C:\wamp64\www\CakePHP\vendor\cakephp\cakephp\src\Http\Runner.php(65): Cake\Routing\Middleware\AssetMiddleware->__invoke(Object(Cake\Http\ServerRequest), Object(Cake\Http\Response), Object(Cake\Http\Runner))
#17 C:\wamp64\www\CakePHP\vendor\cakephp\cakephp\src\Error\Middleware\ErrorHandlerMiddleware.php(100): Cake\Http\Runner->__invoke(Object(Cake\Http\ServerRequest), Object(Cake\Http\Response))
#18 C:\wamp64\www\CakePHP\vendor\cakephp\cakephp\src\Http\Runner.php(65): Cake\Error\Middleware\ErrorHandlerMiddleware->__invoke(Object(Cake\Http\ServerRequest), Object(Cake\Http\Response), Object(Cake\Http\Runner))
#19 C:\wamp64\www\CakePHP\vendor\cakephp\debug_kit\src\Middleware\DebugKitMiddleware.php(53): Cake\Http\Runner->__invoke(Object(Cake\Http\ServerRequest), Object(Cake\Http\Response))
#20 C:\wamp64\www\CakePHP\vendor\cakephp\cakephp\src\Http\Runner.php(65): DebugKit\Middleware\DebugKitMiddleware->__invoke(Object(Cake\Http\ServerRequest), Object(Cake\Http\Response), Object(Cake\Http\Runner))
#21 C:\wamp64\www\CakePHP\vendor\cakephp\cakephp\src\Http\Runner.php(51): Cake\Http\Runner->__invoke(Object(Cake\Http\ServerRequest), Object(Cake\Http\Response))
#22 C:\wamp64\www\CakePHP\vendor\cakephp\cakephp\src\Http\Server.php(97): Cake\Http\Runner->run(Object(Cake\Http\MiddlewareQueue), Object(Cake\Http\ServerRequest), Object(Cake\Http\Response))
#23 C:\wamp64\www\CakePHP\webroot\index.php(40): Cake\Http\Server->run()
#24 {main}
Request URL: /cliente/add
Referer URL: http://localhost/CakePHP/cliente/add


